<?xml version="1.0" encoding="UTF-8"?>
<!-- Generated by org.testng.reporters.JUnitReportReporter -->
<testsuite hostname="Dell-PC" failures="0" tests="1" name="Tests_GET" time="2.750" errors="0" timestamp="11 Jul 2021 12:31:53 GMT">
  <testcase classname="Tests_GET" name="test_1" time="2.750"/>
</testsuite> <!-- Tests_GET -->
