<?xml version="1.0" encoding="UTF-8"?>
<!-- Generated by org.testng.reporters.JUnitReportReporter -->
<testsuite hostname="Dell-PC" failures="0" tests="1" name="Tests_POST" time="7.431" errors="0" timestamp="12 Jul 2021 13:11:32 GMT">
  <testcase classname="Tests_POST" name="test_1_delete" time="7.431"/>
</testsuite> <!-- Tests_POST -->
