<?xml version="1.0" encoding="UTF-8"?>
<!-- Generated by org.testng.reporters.JUnitReportReporter -->
<testsuite hostname="Dell-PC" failures="0" tests="1" name="com.test.TC01_GET_Request" time="2.913" errors="0" timestamp="13 Jul 2021 10:44:32 GMT">
  <testcase classname="com.test.TC01_GET_Request" name="test_02" time="2.913"/>
</testsuite> <!-- com.test.TC01_GET_Request -->
