<?xml version="1.0" encoding="UTF-8"?>
<!-- Generated by org.testng.reporters.JUnitReportReporter -->
<testsuite hostname="Dell-PC" failures="0" tests="1" name="TC01_GET_Request" time="4.526" errors="0" timestamp="12 Jul 2021 12:12:41 GMT">
  <testcase classname="TC01_GET_Request" name="test_02" time="4.526"/>
</testsuite> <!-- TC01_GET_Request -->
