<?xml version="1.0" encoding="UTF-8"?>
<!-- Generated by org.testng.reporters.JUnitReportReporter -->
<testsuite hostname="Dell-PC" failures="0" tests="1" name="com.test.Tests_POST" time="0.435" errors="0" timestamp="13 Jul 2021 10:44:32 GMT">
  <testcase classname="com.test.Tests_POST" name="test_1_delete" time="0.435"/>
</testsuite> <!-- com.test.Tests_POST -->
