<?xml version="1.0" encoding="UTF-8"?>
<!-- Generated by org.testng.reporters.JUnitReportReporter -->
<testsuite hostname="Dell-PC" failures="0" tests="1" name="com.test.Tests_GET" time="0.139" errors="0" timestamp="13 Jul 2021 10:44:32 GMT">
  <testcase classname="com.test.Tests_GET" name="test_1" time="0.139"/>
</testsuite> <!-- com.test.Tests_GET -->
