<?xml version="1.0" encoding="UTF-8"?>
<!-- Generated by org.testng.reporters.JUnitReportReporter -->
<testsuite hostname="Dell-PC" name="com.test.TC01_GET_Request" tests="1" failures="0" timestamp="15 Jul 2021 15:49:21 GMT" time="5.109" errors="0">
  <testcase name="test_02" time="5.109" classname="com.test.TC01_GET_Request"/>
</testsuite> <!-- com.test.TC01_GET_Request -->
